# JRE version: Java(TM) SE Runtime Environment (8.0_221-b11) (build 1.8.0_221-b11)
# Java VM: Java HotSpot(TM) 64-Bit Server VM (25.221-b11 mixed mode windows-amd64 compressed oops)
Heap:
 PSYoungGen      total 172544K, used 54881K [0x00000000d6100000, 0x00000000e0c80000, 0x0000000100000000)
  eden space 169984K, 31% used [0x00000000d6100000,0x00000000d95dcc80,0x00000000e0700000)
  from space 2560K, 29% used [0x00000000e0700000,0x00000000e07bb830,0x00000000e0980000)
  to   space 2048K, 0% used [0x00000000e0980000,0x00000000e0980000,0x00000000e0b80000)
 ParOldGen       total 86016K, used 2900K [0x0000000082200000, 0x0000000087600000, 0x00000000d6100000)
  object space 86016K, 3% used [0x0000000082200000,0x00000000824d52e8,0x0000000087600000)
 Metaspace       used 5514K, capacity 5574K, committed 5760K, reserved 1056768K
  class space    used 585K, capacity 625K, committed 640K, reserved 1048576K
GC Heap History (10 events):
Event: 60.529 GC heap before
{Heap before GC invocations=37 (full 0):
 PSYoungGen      total 172032K, used 170206K [0x00000000d6100000, 0x00000000e0c80000, 0x0000000100000000)
  eden space 169984K, 100% used [0x00000000d6100000,0x00000000e0700000,0x00000000e0700000)
  from space 2048K, 10% used [0x00000000e0980000,0x00000000e09b7a70,0x00000000e0b80000)
  to   space 2560K, 0% used [0x00000000e0700000,0x00000000e0700000,0x00000000e0980000)
 ParOldGen       total 86016K, used 2860K [0x0000000082200000, 0x0000000087600000, 0x00000000d6100000)
  object space 86016K, 3% used [0x0000000082200000,0x00000000824cb2e8,0x0000000087600000)
 Metaspace       used 5513K, capacity 5574K, committed 5760K, reserved 1056768K
  class space    used 585K, capacity 625K, committed 640K, reserved 1048576K
Event: 60.529 GC heap after
Heap after GC invocations=37 (full 0):
 PSYoungGen      total 172544K, used 96K [0x00000000d6100000, 0x00000000e0c80000, 0x0000000100000000)
  eden space 169984K, 0% used [0x00000000d6100000,0x00000000d6100000,0x00000000e0700000)
  from space 2560K, 3% used [0x00000000e0700000,0x00000000e0718000,0x00000000e0980000)
  to   space 2048K, 0% used [0x00000000e0980000,0x00000000e0980000,0x00000000e0b80000)
 ParOldGen       total 86016K, used 2868K [0x0000000082200000, 0x0000000087600000, 0x00000000d6100000)
  object space 86016K, 3% used [0x0000000082200000,0x00000000824cd2e8,0x0000000087600000)
 Metaspace       used 5513K, capacity 5574K, committed 5760K, reserved 1056768K
  class space    used 585K, capacity 625K, committed 640K, reserved 1048576K
}
Event: 60.571 GC heap before
{Heap before GC invocations=38 (full 0):
 PSYoungGen      total 172544K, used 169921K [0x00000000d6100000, 0x00000000e0c80000, 0x0000000100000000)
  eden space 169984K, 99% used [0x00000000d6100000,0x00000000e06d8530,0x00000000e0700000)
  from space 2560K, 3% used [0x00000000e0700000,0x00000000e0718000,0x00000000e0980000)
  to   space 2048K, 0% used [0x00000000e0980000,0x00000000e0980000,0x00000000e0b80000)
 ParOldGen       total 86016K, used 2868K [0x0000000082200000, 0x0000000087600000, 0x00000000d6100000)
  object space 86016K, 3% used [0x0000000082200000,0x00000000824cd2e8,0x0000000087600000)
 Metaspace       used 5513K, capacity 5574K, committed 5760K, reserved 1056768K
  class space    used 585K, capacity 625K, committed 640K, reserved 1048576K
Event: 60.572 GC heap after
Heap after GC invocations=38 (full 0):
 PSYoungGen      total 172032K, used 344K [0x00000000d6100000, 0x00000000e0c80000, 0x0000000100000000)
  eden space 169984K, 0% used [0x00000000d6100000,0x00000000d6100000,0x00000000e0700000)
  from space 2048K, 16% used [0x00000000e0980000,0x00000000e09d63d0,0x00000000e0b80000)
  to   space 2560K, 0% used [0x00000000e0700000,0x00000000e0700000,0x00000000e0980000)
 ParOldGen       total 86016K, used 2876K [0x0000000082200000, 0x0000000087600000, 0x00000000d6100000)
  object space 86016K, 3% used [0x0000000082200000,0x00000000824cf2e8,0x0000000087600000)
 Metaspace       used 5513K, capacity 5574K, committed 5760K, reserved 1056768K
  class space    used 585K, capacity 625K, committed 640K, reserved 1048576K
}
Event: 60.638 GC heap before
{Heap before GC invocations=39 (full 0):
 PSYoungGen      total 172032K, used 170328K [0x00000000d6100000, 0x00000000e0c80000, 0x0000000100000000)
  eden space 169984K, 100% used [0x00000000d6100000,0x00000000e0700000,0x00000000e0700000)
  from space 2048K, 16% used [0x00000000e0980000,0x00000000e09d63d0,0x00000000e0b80000)
  to   space 2560K, 0% used [0x00000000e0700000,0x00000000e0700000,0x00000000e0980000)
 ParOldGen       total 86016K, used 2876K [0x0000000082200000, 0x0000000087600000, 0x00000000d6100000)
  object space 86016K, 3% used [0x0000000082200000,0x00000000824cf2e8,0x0000000087600000)
 Metaspace       used 5513K, capacity 5574K, committed 5760K, reserved 1056768K
  class space    used 585K, capacity 625K, committed 640K, reserved 1048576K
Event: 60.639 GC heap after
Heap after GC invocations=39 (full 0):
 PSYoungGen      total 172544K, used 741K [0x00000000d6100000, 0x00000000e0c80000, 0x0000000100000000)
  eden space 169984K, 0% used [0x00000000d6100000,0x00000000d6100000,0x00000000e0700000)
  from space 2560K, 28% used [0x00000000e0700000,0x00000000e07b9748,0x00000000e0980000)
  to   space 2048K, 0% used [0x00000000e0980000,0x00000000e0980000,0x00000000e0b80000)
 ParOldGen       total 86016K, used 2884K [0x0000000082200000, 0x0000000087600000, 0x00000000d6100000)
  object space 86016K, 3% used [0x0000000082200000,0x00000000824d12e8,0x0000000087600000)
 Metaspace       used 5513K, capacity 5574K, committed 5760K, reserved 1056768K
  class space    used 585K, capacity 625K, committed 640K, reserved 1048576K
}
Event: 60.684 GC heap before
{Heap before GC invocations=40 (full 0):
 PSYoungGen      total 172544K, used 170725K [0x00000000d6100000, 0x00000000e0c80000, 0x0000000100000000)
  eden space 169984K, 100% used [0x00000000d6100000,0x00000000e0700000,0x00000000e0700000)
  from space 2560K, 28% used [0x00000000e0700000,0x00000000e07b9748,0x00000000e0980000)
  to   space 2048K, 0% used [0x00000000e0980000,0x00000000e0980000,0x00000000e0b80000)
 ParOldGen       total 86016K, used 2884K [0x0000000082200000, 0x0000000087600000, 0x00000000d6100000)
  object space 86016K, 3% used [0x0000000082200000,0x00000000824d12e8,0x0000000087600000)
 Metaspace       used 5513K, capacity 5574K, committed 5760K, reserved 1056768K
  class space    used 585K, capacity 625K, committed 640K, reserved 1048576K
Event: 60.684 GC heap after
Heap after GC invocations=40 (full 0):
 PSYoungGen      total 172032K, used 270K [0x00000000d6100000, 0x00000000e0c80000, 0x0000000100000000)
  eden space 169984K, 0% used [0x00000000d6100000,0x00000000d6100000,0x00000000e0700000)
  from space 2048K, 13% used [0x00000000e0980000,0x00000000e09c3900,0x00000000e0b80000)
  to   space 2560K, 0% used [0x00000000e0700000,0x00000000e0700000,0x00000000e0980000)
 ParOldGen       total 86016K, used 2892K [0x0000000082200000, 0x0000000087600000, 0x00000000d6100000)
  object space 86016K, 3% used [0x0000000082200000,0x00000000824d32e8,0x0000000087600000)
 Metaspace       used 5513K, capacity 5574K, committed 5760K, reserved 1056768K
  class space    used 585K, capacity 625K, committed 640K, reserved 1048576K
}
Event: 60.732 GC heap before
{Heap before GC invocations=41 (full 0):
 PSYoungGen      total 172032K, used 170220K [0x00000000d6100000, 0x00000000e0c80000, 0x0000000100000000)
  eden space 169984K, 99% used [0x00000000d6100000,0x00000000e06f78c8,0x00000000e0700000)
  from space 2048K, 13% used [0x00000000e0980000,0x00000000e09c3900,0x00000000e0b80000)
  to   space 2560K, 0% used [0x00000000e0700000,0x00000000e0700000,0x00000000e0980000)
 ParOldGen       total 86016K, used 2892K [0x0000000082200000, 0x0000000087600000, 0x00000000d6100000)
  object space 86016K, 3% used [0x0000000082200000,0x00000000824d32e8,0x0000000087600000)
 Metaspace       used 5514K, capacity 5574K, committed 5760K, reserved 1056768K
  class space    used 585K, capacity 625K, committed 640K, reserved 1048576K
Event: 60.734 GC heap after
Heap after GC invocations=41 (full 0):
 PSYoungGen      total 172544K, used 750K [0x00000000d6100000, 0x00000000e0c80000, 0x0000000100000000)
  eden space 169984K, 0% used [0x00000000d6100000,0x00000000d6100000,0x00000000e0700000)
  from space 2560K, 29% used [0x00000000e0700000,0x00000000e07bb830,0x00000000e0980000)
  to   space 2048K, 0% used [0x00000000e0980000,0x00000000e0980000,0x00000000e0b80000)
 ParOldGen       total 86016K, used 2900K [0x0000000082200000, 0x0000000087600000, 0x00000000d6100000)
  object space 86016K, 3% used [0x0000000082200000,0x00000000824d52e8,0x0000000087600000)
 Metaspace       used 5514K, capacity 5574K, committed 5760K, reserved 1056768K
  class space    used 585K, capacity 625K, committed 640K, reserved 1048576K
}

